<?xml version="1.0" encoding="UTF-8"?>
<!-- Generated by org.testng.reporters.JUnitReportReporter -->
<testsuite skipped="0" hostname="laptop2" name="testng1.NewTest1" tests="1" failures="0" timestamp="2020-07-16T18:52:00 EDT" time="0.000" errors="0">
  <testcase name="f" time="0.000" classname="testng1.NewTest1"/>
  <system-out/>
</testsuite> <!-- testng1.NewTest1 -->
