<?xml version="1.0" encoding="UTF-8"?>
<!-- Generated by org.testng.reporters.JUnitReportReporter -->
<testsuite skipped="0" hostname="laptop2" name="auttest1.NewTest3" tests="3" failures="0" timestamp="2020-07-17T23:44:24 EDT" time="0.012" errors="0">
  <testcase name="login1" time="0.004" classname="auttest1.NewTest3"/>
  <system-out/>
  <testcase name="login3" time="0.002" classname="auttest1.NewTest3"/>
  <system-out/>
  <testcase name="login2" time="0.006" classname="auttest1.NewTest3"/>
  <system-out/>
</testsuite> <!-- auttest1.NewTest3 -->
