<?xml version="1.0" encoding="UTF-8"?>
<!-- Generated by org.testng.reporters.JUnitReportReporter -->
<testsuite skipped="0" hostname="laptop2" name="testng1.NewTest2" tests="1" failures="0" timestamp="2020-07-17T20:02:57 EDT" time="0.012" errors="0">
  <testcase name="f" time="0.012" classname="testng1.NewTest2"/>
  <system-out/>
</testsuite> <!-- testng1.NewTest2 -->
