<?xml version="1.0" encoding="UTF-8"?>
<!-- Generated by org.testng.reporters.JUnitReportReporter -->
<testsuite skipped="0" hostname="laptop2" name="auttest1.NewTest2" tests="3" failures="0" timestamp="2020-07-17T23:44:24 EDT" time="0.015" errors="0">
  <testcase name="login2" time="0.005" classname="auttest1.NewTest2"/>
  <system-out/>
  <testcase name="loin1" time="0.005" classname="auttest1.NewTest2"/>
  <system-out/>
  <testcase name="login3" time="0.005" classname="auttest1.NewTest2"/>
  <system-out/>
</testsuite> <!-- auttest1.NewTest2 -->
