<?xml version="1.0" encoding="UTF-8"?>
<!-- Generated by org.testng.reporters.JUnitReportReporter -->
<testsuite skipped="0" hostname="laptop2" name="auttest1.newTest9" tests="1" failures="0" timestamp="2020-07-29T21:16:40 EDT" time="11.179" errors="0">
  <testcase name="f" time="11.179" classname="auttest1.newTest9"/>
  <system-out/>
</testsuite> <!-- auttest1.newTest9 -->
