<?xml version="1.0" encoding="UTF-8"?>
<!-- Generated by org.testng.reporters.JUnitReportReporter -->
<testsuite skipped="0" hostname="laptop2" name="auttest1.NewTest1" tests="1" failures="0" timestamp="2020-07-17T23:44:24 EDT" time="0.012" errors="0">
  <testcase name="f" time="0.012" classname="auttest1.NewTest1"/>
  <system-out/>
</testsuite> <!-- auttest1.NewTest1 -->
