<?xml version="1.0" encoding="UTF-8"?>
<!-- Generated by org.testng.reporters.JUnitReportReporter -->
<testsuite skipped="0" hostname="laptop2" name="testng1.NewTest3" tests="3" failures="0" timestamp="2020-07-16T23:12:16 EDT" time="0.005" errors="0">
  <testcase name="login1" time="0.005" classname="testng1.NewTest3"/>
  <system-out/>
  <testcase name="login3" time="0.000" classname="testng1.NewTest3"/>
  <system-out/>
  <testcase name="login2" time="0.000" classname="testng1.NewTest3"/>
  <system-out/>
</testsuite> <!-- testng1.NewTest3 -->
